This is pdfTeX, Version 3.1415926-1.40.10 (TeX Live 2009/Debian) (format=pdflatex 2014.4.9)  8 MAY 2014 16:00
entering extended mode
 %&-line parsing enabled.
**journal.tex
(./journal.tex
LaTeX2e <2009/09/24>
Babel <v3.8l> and hyphenation patterns for english, usenglishmax, dumylang, noh
yphenation, loaded.
(./amsart.cls
Document Class: amsart 2009/07/02 v2.20.1
\linespacing=\dimen102
\normalparindent=\dimen103
\normaltopskip=\skip41
(/usr/share/texmf-texlive/tex/latex/amsmath/amsmath.sty
Package: amsmath 2000/07/18 v2.13 AMS math features
\@mathmargin=\skip42

For additional information on amsmath, use the `?' option.
(/usr/share/texmf-texlive/tex/latex/amsmath/amstext.sty
Package: amstext 2000/06/29 v2.01

(/usr/share/texmf-texlive/tex/latex/amsmath/amsgen.sty
File: amsgen.sty 1999/11/30 v2.0
\@emptytoks=\toks14
\ex@=\dimen104
))
(/usr/share/texmf-texlive/tex/latex/amsmath/amsbsy.sty
Package: amsbsy 1999/11/29 v1.2d
\pmbraise@=\dimen105
)
(/usr/share/texmf-texlive/tex/latex/amsmath/amsopn.sty
Package: amsopn 1999/12/14 v2.01 operator names
)
\inf@bad=\count79
LaTeX Info: Redefining \frac on input line 211.
\uproot@=\count80
\leftroot@=\count81
LaTeX Info: Redefining \overline on input line 307.
\classnum@=\count82
\DOTSCASE@=\count83
LaTeX Info: Redefining \ldots on input line 379.
LaTeX Info: Redefining \dots on input line 382.
LaTeX Info: Redefining \cdots on input line 467.
\Mathstrutbox@=\box26
\strutbox@=\box27
\big@size=\dimen106
LaTeX Font Info:    Redeclaring font encoding OML on input line 567.
LaTeX Font Info:    Redeclaring font encoding OMS on input line 568.
\macc@depth=\count84
\c@MaxMatrixCols=\count85
\dotsspace@=\muskip10
\c@parentequation=\count86
\dspbrk@lvl=\count87
\tag@help=\toks15
\row@=\count88
\column@=\count89
\maxfields@=\count90
\andhelp@=\toks16
\eqnshift@=\dimen107
\alignsep@=\dimen108
\tagshift@=\dimen109
\tagwidth@=\dimen110
\totwidth@=\dimen111
\lineht@=\dimen112
\@envbody=\toks17
\multlinegap=\skip43
\multlinetaggap=\skip44
\mathdisplay@stack=\toks18
LaTeX Info: Redefining \[ on input line 2666.
LaTeX Info: Redefining \] on input line 2667.
)
LaTeX Font Info:    Try loading font information for U+msa on input line 388.

(/usr/share/texmf-texlive/tex/latex/amsfonts/umsa.fd
File: umsa.fd 2009/06/22 v3.00 AMS symbols A
)
(/usr/share/texmf-texlive/tex/latex/amsfonts/amsfonts.sty
Package: amsfonts 2009/06/22 v3.00 Basic AMSFonts support
\symAMSa=\mathgroup4
\symAMSb=\mathgroup5
LaTeX Font Info:    Overwriting math alphabet `\mathfrak' in version `bold'
(Font)                  U/euf/m/n --> U/euf/b/n on input line 96.
)
\copyins=\insert233
\abstractbox=\box28
\listisep=\skip45
\c@part=\count91
\c@section=\count92
\c@subsection=\count93
\c@subsubsection=\count94
\c@paragraph=\count95
\c@subparagraph=\count96
\c@figure=\count97
\c@table=\count98
\abovecaptionskip=\skip46
\belowcaptionskip=\skip47
\captionindent=\dimen113
\thm@style=\toks19
\thm@bodyfont=\toks20
\thm@headfont=\toks21
\thm@notefont=\toks22
\thm@headpunct=\toks23
\thm@preskip=\skip48
\thm@postskip=\skip49
\thm@headsep=\skip50
\dth@everypar=\toks24
)
(/usr/share/texmf-texlive/tex/latex/graphics/graphicx.sty
Package: graphicx 1999/02/16 v1.0f Enhanced LaTeX Graphics (DPC,SPQR)

(/usr/share/texmf-texlive/tex/latex/graphics/keyval.sty
Package: keyval 1999/03/16 v1.13 key=value parser (DPC)
\KV@toks@=\toks25
)
(/usr/share/texmf-texlive/tex/latex/graphics/graphics.sty
Package: graphics 2009/02/05 v1.0o Standard LaTeX Graphics (DPC,SPQR)

(/usr/share/texmf-texlive/tex/latex/graphics/trig.sty
Package: trig 1999/03/16 v1.09 sin cos tan (DPC)
)
(/etc/texmf/tex/latex/config/graphics.cfg
File: graphics.cfg 2009/08/28 v1.8 graphics configuration of TeX Live
)
Package graphics Info: Driver file: pdftex.def on input line 91.

(/usr/share/texmf-texlive/tex/latex/pdftex-def/pdftex.def
File: pdftex.def 2010/03/12 v0.04p Graphics/color for pdfTeX
\Gread@gobject=\count99
))
\Gin@req@height=\dimen114
\Gin@req@width=\dimen115
)
\c@theorem=\count100
 (./journal.aux)
\openout1 = `journal.aux'.

LaTeX Font Info:    Checking defaults for OML/cmm/m/it on input line 44.
LaTeX Font Info:    ... okay on input line 44.
LaTeX Font Info:    Checking defaults for T1/cmr/m/n on input line 44.
LaTeX Font Info:    ... okay on input line 44.
LaTeX Font Info:    Checking defaults for OT1/cmr/m/n on input line 44.
LaTeX Font Info:    ... okay on input line 44.
LaTeX Font Info:    Checking defaults for OMS/cmsy/m/n on input line 44.
LaTeX Font Info:    ... okay on input line 44.
LaTeX Font Info:    Checking defaults for OMX/cmex/m/n on input line 44.
LaTeX Font Info:    ... okay on input line 44.
LaTeX Font Info:    Checking defaults for U/cmr/m/n on input line 44.
LaTeX Font Info:    ... okay on input line 44.
LaTeX Font Info:    Try loading font information for U+msa on input line 44.

(/usr/share/texmf-texlive/tex/latex/amsfonts/umsa.fd
File: umsa.fd 2009/06/22 v3.00 AMS symbols A
)
LaTeX Font Info:    Try loading font information for U+msb on input line 44.

(/usr/share/texmf-texlive/tex/latex/amsfonts/umsb.fd
File: umsb.fd 2009/06/22 v3.00 AMS symbols B
)
(/usr/share/texmf-texlive/tex/context/base/supp-pdf.mkii
[Loading MPS to PDF converter (version 2006.09.02).]
\scratchcounter=\count101
\scratchdimen=\dimen116
\scratchbox=\box29
\nofMPsegments=\count102
\nofMParguments=\count103
\everyMPshowfont=\toks26
\MPscratchCnt=\count104
\MPscratchDim=\dimen117
\MPnumerator=\count105
\everyMPtoPDFconversion=\toks27
) [1{/var/lib/texmf/fonts/map/pdftex/updmap/pdftex.map}] [2]
<lion.png, id=25, 84.315pt x 98.3675pt>
File: lion.png Graphic file (type png)
 <use lion.png>
File: lion.png Graphic file (type png)
 <use lion.png>
Overfull \hbox (108.37733pt too wide) has occurred while \output is active
 \OT1/cmr/m/n/7 EXPECTATION MAXIMIZATION FOR ELECTION PREDICTION IN A HMM-LIKE 
PROBABILISTIC GRAPHICAL MODEL. []
 []

[3] [4 <./lion.png>]
Overfull \hbox (108.37733pt too wide) has occurred while \output is active
 \OT1/cmr/m/n/7 EXPECTATION MAXIMIZATION FOR ELECTION PREDICTION IN A HMM-LIKE 
PROBABILISTIC GRAPHICAL MODEL. []
 []

[5] (./journal.aux) ) 
Here is how much of TeX's memory you used:
 2086 strings out of 495061
 24024 string characters out of 1182622
 83962 words of memory out of 3000000
 5115 multiletter control sequences out of 15000+50000
 10692 words of font info for 42 fonts, out of 3000000 for 9000
 189 hyphenation exceptions out of 8191
 34i,22n,32p,812b,264s stack positions out of 5000i,500n,10000p,200000b,50000s
</usr/share/texmf-texlive/fonts/type1/public/amsfonts/cm/c
mbx10.pfb></usr/share/texmf-texlive/fonts/type1/public/amsfonts/cm/cmbx8.pfb></
usr/share/texmf-texlive/fonts/type1/public/amsfonts/cm/cmcsc10.pfb></usr/share/
texmf-texlive/fonts/type1/public/amsfonts/cm/cmex10.pfb></usr/share/texmf-texli
ve/fonts/type1/public/amsfonts/cmextra/cmex7.pfb></usr/share/texmf-texlive/font
s/type1/public/amsfonts/cm/cmmi10.pfb></usr/share/texmf-texlive/fonts/type1/pub
lic/amsfonts/cm/cmmi5.pfb></usr/share/texmf-texlive/fonts/type1/public/amsfonts
/cm/cmmi7.pfb></usr/share/texmf-texlive/fonts/type1/public/amsfonts/cm/cmr10.pf
b></usr/share/texmf-texlive/fonts/type1/public/amsfonts/cm/cmr5.pfb></usr/share
/texmf-texlive/fonts/type1/public/amsfonts/cm/cmr7.pfb></usr/share/texmf-texliv
e/fonts/type1/public/amsfonts/cm/cmr8.pfb></usr/share/texmf-texlive/fonts/type1
/public/amsfonts/cm/cmsy10.pfb></usr/share/texmf-texlive/fonts/type1/public/ams
fonts/cm/cmsy5.pfb></usr/share/texmf-texlive/fonts/type1/public/amsfonts/cm/cms
y7.pfb></usr/share/texmf-texlive/fonts/type1/public/amsfonts/cm/cmti10.pfb></us
r/share/texmf-texlive/fonts/type1/public/amsfonts/cm/cmti8.pfb></usr/share/texm
f-texlive/fonts/type1/public/amsfonts/cm/cmtt10.pfb></usr/share/texmf-texlive/f
onts/type1/public/amsfonts/cm/cmtt8.pfb></usr/share/texmf-texlive/fonts/type1/p
ublic/amsfonts/symbols/msam10.pfb>
Output written on journal.pdf (5 pages, 267678 bytes).
PDF statistics:
 101 PDF objects out of 1000 (max. 8388607)
 0 named destinations out of 1000 (max. 500000)
 6 words of extra memory for PDF output out of 10000 (max. 10000000)

